<?xml version="1.0" encoding="utf-8"?><testsuites name="pytest tests"><testsuite name="pytest" errors="0" failures="0" skipped="0" tests="14" time="2.019" timestamp="2026-02-17T11:04:41.605282+00:00" hostname="agent-env-3da193f7-234b-4b91-bbdd-5d5ee0c2490a"><testcase classname="backend.tests.test_data_coherence.TestDataCoherence" name="test_api_health" time="0.211" /><testcase classname="backend.tests.test_data_coherence.TestDataCoherence" name="test_day70_polymer_coherence" time="0.165" /><testcase classname="backend.tests.test_data_coherence.TestDataCoherence" name="test_day70_run_length_coherence" time="0.112" /><testcase classname="backend.tests.test_data_coherence.TestDataCoherence" name="test_day70_output_coherence" time="0.202" /><testcase classname="backend.tests.test_data_coherence.TestPolymerChartData" name="test_benchmark_polymer_is_rising" time="0.158" /><testcase classname="backend.tests.test_data_coherence.TestPolymerChartData" name="test_actual_lower_than_benchmark" time="0.108" /><testcase classname="backend.tests.test_data_coherence.TestPolymerChartData" name="test_forecast_is_lowest_and_stable" time="0.098" /><testcase classname="backend.tests.test_data_coherence.TestRunLengthChartData" name="test_all_three_lines_separated" time="0.133" /><testcase classname="backend.tests.test_data_coherence.TestRunLengthChartData" name="test_positive_deviation_badge" time="0.103" /><testcase classname="backend.tests.test_data_coherence.TestOutputChartData" name="test_forecast_output_ends_highest" time="0.141" /><testcase classname="backend.tests.test_data_coherence.TestEventsData" name="test_events_at_d12_and_d52" time="0.097" /><testcase classname="backend.tests.test_data_coherence.TestEventsData" name="test_time_series_has_event_flags" time="0.110" /><testcase classname="backend.tests.test_data_coherence.TestForecastSmoothness" name="test_no_sudden_jumps_in_forecast" time="0.114" /><testcase classname="backend.tests.test_data_coherence.TestFutureDates" name="test_dates_are_2026" time="0.215" /></testsuite></testsuites>