<?xml version="1.0" encoding="utf-8"?><testsuites name="pytest tests"><testsuite name="pytest" errors="0" failures="0" skipped="0" tests="27" time="4.227" timestamp="2026-02-13T11:19:45.817139+00:00" hostname="agent-env-a5349646-d41e-49a7-9775-d1b4fb2681a9"><testcase classname="backend.tests.test_api.TestHealthAndRoot" name="test_root_endpoint" time="0.209" /><testcase classname="backend.tests.test_api.TestHealthAndRoot" name="test_run_info" time="0.135" /><testcase classname="backend.tests.test_api.TestDayData" name="test_day_1_data" time="0.134" /><testcase classname="backend.tests.test_api.TestDayData" name="test_day_30_data" time="0.128" /><testcase classname="backend.tests.test_api.TestDayData" name="test_day_70_data" time="0.113" /><testcase classname="backend.tests.test_api.TestDayData" name="test_day_110_data" time="0.151" /><testcase classname="backend.tests.test_api.TestDayData" name="test_day_boundary_min" time="0.098" /><testcase classname="backend.tests.test_api.TestDayData" name="test_day_boundary_max" time="0.109" /><testcase classname="backend.tests.test_api.TestTimeSeries" name="test_time_series_default" time="0.276" /><testcase classname="backend.tests.test_api.TestTimeSeries" name="test_time_series_custom_range" time="0.105" /><testcase classname="backend.tests.test_api.TestWhatChanged" name="test_what_changed_day_30" time="0.145" /><testcase classname="backend.tests.test_api.TestEvents" name="test_events_endpoint" time="0.271" /><testcase classname="backend.tests.test_api.TestQuickDays" name="test_quick_days" time="0.107" /><testcase classname="backend.tests.test_api.TestSimulator" name="test_simulate_baseline" time="0.151" /><testcase classname="backend.tests.test_api.TestSimulator" name="test_simulate_aggressive" time="0.151" /><testcase classname="backend.tests.test_api.TestActionStatuses" name="test_get_all_statuses" time="0.107" /><testcase classname="backend.tests.test_api.TestActionStatuses" name="test_update_action_acknowledge" time="0.148" /><testcase classname="backend.tests.test_api.TestActionStatuses" name="test_update_action_done" time="0.109" /><testcase classname="backend.tests.test_api.TestActionStatuses" name="test_update_action_not_feasible" time="0.138" /><testcase classname="backend.tests.test_api.TestActionStatuses" name="test_get_specific_action_status" time="0.099" /><testcase classname="backend.tests.test_api.TestActionStatuses" name="test_status_persistence" time="0.220" /><testcase classname="backend.tests.test_api.TestActionStatuses" name="test_status_update_overwrites" time="0.395" /><testcase classname="backend.tests.test_api.TestActionStatuses" name="test_nonexistent_action_status" time="0.109" /><testcase classname="backend.tests.test_api.TestInterventionWindow" name="test_intervention_window_early" time="0.105" /><testcase classname="backend.tests.test_api.TestInterventionWindow" name="test_intervention_window_late" time="0.095" /><testcase classname="backend.tests.test_api.TestDataIntegrity" name="test_day_data_has_actions" time="0.153" /><testcase classname="backend.tests.test_api.TestDataIntegrity" name="test_day_data_has_drivers" time="0.125" /></testsuite></testsuites>