<?xml version="1.0" encoding="utf-8"?><testsuites name="pytest tests"><testsuite name="pytest" errors="0" failures="0" skipped="0" tests="37" time="5.926" timestamp="2026-02-17T09:35:12.639558+00:00" hostname="agent-env-3da193f7-234b-4b91-bbdd-5d5ee0c2490a"><testcase classname="test_api.TestHealthAndRoot" name="test_root_endpoint" time="0.274" /><testcase classname="test_api.TestHealthAndRoot" name="test_run_info" time="0.244" /><testcase classname="test_api.TestDayData" name="test_day_1_data" time="0.105" /><testcase classname="test_api.TestDayData" name="test_day_30_data" time="0.112" /><testcase classname="test_api.TestDayData" name="test_day_70_data" time="0.097" /><testcase classname="test_api.TestDayData" name="test_day_110_data" time="0.096" /><testcase classname="test_api.TestDayData" name="test_day_boundary_min" time="0.103" /><testcase classname="test_api.TestDayData" name="test_day_boundary_max" time="0.135" /><testcase classname="test_api.TestTimeSeries" name="test_time_series_default" time="0.198" /><testcase classname="test_api.TestTimeSeries" name="test_time_series_custom_range" time="0.247" /><testcase classname="test_api.TestWhatChanged" name="test_what_changed_day_30" time="0.132" /><testcase classname="test_api.TestEvents" name="test_events_endpoint" time="0.098" /><testcase classname="test_api.TestQuickDays" name="test_quick_days" time="0.105" /><testcase classname="test_api.TestSimulator" name="test_simulate_baseline" time="0.109" /><testcase classname="test_api.TestSimulator" name="test_simulate_aggressive" time="0.150" /><testcase classname="test_api.TestActionStatuses" name="test_get_all_statuses" time="0.113" /><testcase classname="test_api.TestActionStatuses" name="test_update_action_acknowledge" time="0.093" /><testcase classname="test_api.TestActionStatuses" name="test_update_action_done" time="0.164" /><testcase classname="test_api.TestActionStatuses" name="test_update_action_not_feasible" time="0.099" /><testcase classname="test_api.TestActionStatuses" name="test_get_specific_action_status" time="0.116" /><testcase classname="test_api.TestActionStatuses" name="test_status_persistence" time="0.603" /><testcase classname="test_api.TestActionStatuses" name="test_status_update_overwrites" time="0.378" /><testcase classname="test_api.TestActionStatuses" name="test_nonexistent_action_status" time="0.125" /><testcase classname="test_api.TestInterventionWindow" name="test_intervention_window_early" time="0.181" /><testcase classname="test_api.TestInterventionWindow" name="test_intervention_window_late" time="0.171" /><testcase classname="test_api.TestDataIntegrity" name="test_day_data_has_actions" time="0.177" /><testcase classname="test_api.TestDataIntegrity" name="test_day_data_has_drivers" time="0.096" /><testcase classname="test_api.TestScenarioComparison" name="test_scenario_comparison_day_70" time="0.154" /><testcase classname="test_api.TestScenarioComparison" name="test_scenario_comparison_golden_gap" time="0.147" /><testcase classname="test_api.TestApplyActionImpact" name="test_apply_action_impact_day_70" time="0.123" /><testcase classname="test_api.TestApplyActionImpact" name="test_apply_action_impact_updates_golden_gap" time="0.118" /><testcase classname="test_api.TestCommitmentView" name="test_day_data_has_commitment_view_fields" time="0.134" /><testcase classname="test_api.TestCommitmentView" name="test_day_data_has_golden_gap_fields" time="0.147" /><testcase classname="test_api.TestActionCardStructure" name="test_action_has_urgency_levels" time="0.097" /><testcase classname="test_api.TestActionCardStructure" name="test_action_has_protects_field" time="0.141" /><testcase classname="test_api.TestActionCardStructure" name="test_action_has_trigger_with_deviation" time="0.126" /><testcase classname="test_api.TestActionCardStructure" name="test_action_has_impact_on_done" time="0.095" /></testsuite></testsuites>