<?xml version="1.0" encoding="utf-8"?><testsuites name="pytest tests"><testsuite name="pytest" errors="0" failures="0" skipped="0" tests="37" time="6.047" timestamp="2026-02-13T12:31:43.989102+00:00" hostname="agent-env-a5349646-d41e-49a7-9775-d1b4fb2681a9"><testcase classname="backend.tests.test_api.TestHealthAndRoot" name="test_root_endpoint" time="0.284" /><testcase classname="backend.tests.test_api.TestHealthAndRoot" name="test_run_info" time="0.143" /><testcase classname="backend.tests.test_api.TestDayData" name="test_day_1_data" time="0.117" /><testcase classname="backend.tests.test_api.TestDayData" name="test_day_30_data" time="0.110" /><testcase classname="backend.tests.test_api.TestDayData" name="test_day_70_data" time="0.120" /><testcase classname="backend.tests.test_api.TestDayData" name="test_day_110_data" time="0.338" /><testcase classname="backend.tests.test_api.TestDayData" name="test_day_boundary_min" time="0.103" /><testcase classname="backend.tests.test_api.TestDayData" name="test_day_boundary_max" time="0.170" /><testcase classname="backend.tests.test_api.TestTimeSeries" name="test_time_series_default" time="0.289" /><testcase classname="backend.tests.test_api.TestTimeSeries" name="test_time_series_custom_range" time="0.122" /><testcase classname="backend.tests.test_api.TestWhatChanged" name="test_what_changed_day_30" time="0.102" /><testcase classname="backend.tests.test_api.TestEvents" name="test_events_endpoint" time="0.108" /><testcase classname="backend.tests.test_api.TestQuickDays" name="test_quick_days" time="0.138" /><testcase classname="backend.tests.test_api.TestSimulator" name="test_simulate_baseline" time="0.115" /><testcase classname="backend.tests.test_api.TestSimulator" name="test_simulate_aggressive" time="0.107" /><testcase classname="backend.tests.test_api.TestActionStatuses" name="test_get_all_statuses" time="0.108" /><testcase classname="backend.tests.test_api.TestActionStatuses" name="test_update_action_acknowledge" time="0.103" /><testcase classname="backend.tests.test_api.TestActionStatuses" name="test_update_action_done" time="0.128" /><testcase classname="backend.tests.test_api.TestActionStatuses" name="test_update_action_not_feasible" time="0.105" /><testcase classname="backend.tests.test_api.TestActionStatuses" name="test_get_specific_action_status" time="0.113" /><testcase classname="backend.tests.test_api.TestActionStatuses" name="test_status_persistence" time="0.589" /><testcase classname="backend.tests.test_api.TestActionStatuses" name="test_status_update_overwrites" time="0.305" /><testcase classname="backend.tests.test_api.TestActionStatuses" name="test_nonexistent_action_status" time="0.106" /><testcase classname="backend.tests.test_api.TestInterventionWindow" name="test_intervention_window_early" time="0.200" /><testcase classname="backend.tests.test_api.TestInterventionWindow" name="test_intervention_window_late" time="0.286" /><testcase classname="backend.tests.test_api.TestDataIntegrity" name="test_day_data_has_actions" time="0.125" /><testcase classname="backend.tests.test_api.TestDataIntegrity" name="test_day_data_has_drivers" time="0.132" /><testcase classname="backend.tests.test_api.TestScenarioComparison" name="test_scenario_comparison_day_70" time="0.116" /><testcase classname="backend.tests.test_api.TestScenarioComparison" name="test_scenario_comparison_golden_gap" time="0.095" /><testcase classname="backend.tests.test_api.TestApplyActionImpact" name="test_apply_action_impact_day_70" time="0.186" /><testcase classname="backend.tests.test_api.TestApplyActionImpact" name="test_apply_action_impact_updates_golden_gap" time="0.119" /><testcase classname="backend.tests.test_api.TestCommitmentView" name="test_day_data_has_commitment_view_fields" time="0.137" /><testcase classname="backend.tests.test_api.TestCommitmentView" name="test_day_data_has_golden_gap_fields" time="0.104" /><testcase classname="backend.tests.test_api.TestActionCardStructure" name="test_action_has_urgency_levels" time="0.141" /><testcase classname="backend.tests.test_api.TestActionCardStructure" name="test_action_has_protects_field" time="0.126" /><testcase classname="backend.tests.test_api.TestActionCardStructure" name="test_action_has_trigger_with_deviation" time="0.102" /><testcase classname="backend.tests.test_api.TestActionCardStructure" name="test_action_has_impact_on_done" time="0.120" /></testsuite></testsuites>